[INFO] Scanning for projects...
[INFO] 
[INFO] ----------------------< edu.cit.panonce:alertme >-----------------------
[INFO] Building alertme 0.0.1-SNAPSHOT
[INFO]   from pom.xml
[INFO] --------------------------------[ jar ]---------------------------------
[INFO] 
[INFO] >>> spring-boot:3.5.11:run (default-cli) > test-compile @ alertme >>>
[INFO] 
[INFO] --- resources:3.3.1:resources (default-resources) @ alertme ---
[INFO] Copying 1 resource from src\main\resources to target\classes
[INFO] Copying 0 resource from src\main\resources to target\classes
[INFO] 
[INFO] --- compiler:3.14.1:compile (default-compile) @ alertme ---
[INFO] Nothing to compile - all classes are up to date.
[INFO] 
[INFO] --- resources:3.3.1:testResources (default-testResources) @ alertme ---
[INFO] Copying 0 resource from src\test\resources to target\test-classes
[INFO] 
[INFO] --- compiler:3.14.1:testCompile (default-testCompile) @ alertme ---
[INFO] Nothing to compile - all classes are up to date.
[INFO] 
[INFO] <<< spring-boot:3.5.11:run (default-cli) < test-compile @ alertme <<<
[INFO] 
[INFO] 
[INFO] --- spring-boot:3.5.11:run (default-cli) @ alertme ---
[INFO] Attaching agents: []

  .   ____          _            __ _ _
 /\\ / ___'_ __ _ _(_)_ __  __ _ \ \ \ \
( ( )\___ | '_ | '_| | '_ \/ _` | \ \ \ \
 \\/  ___)| |_)| | | | | || (_| |  ) ) ) )
  '  |____| .__|_| |_|_| |_\__, | / / / /
 =========|_|==============|___/=/_/_/_/

 :: Spring Boot ::               (v3.5.11)

2026-05-28T02:07:56.795+08:00  INFO 20596 --- [alertme] [           main] e.c.panonce.alertme.AlertmeApplication   : Starting AlertmeApplication using Java 25 with PID 20596 (C:\Users\Mirby\Downloads\Latest Final\IT342-Panonce-AlertMe\backend\alertme\target\classes started by Mirby in C:\Users\Mirby\Downloads\Latest Final\IT342-Panonce-AlertMe\backend\alertme)
2026-05-28T02:07:56.797+08:00  INFO 20596 --- [alertme] [           main] e.c.panonce.alertme.AlertmeApplication   : No active profile set, falling back to 1 default profile: "default"
2026-05-28T02:07:57.408+08:00  INFO 20596 --- [alertme] [           main] .s.d.r.c.RepositoryConfigurationDelegate : Bootstrapping Spring Data JPA repositories in DEFAULT mode.
2026-05-28T02:07:57.482+08:00  INFO 20596 --- [alertme] [           main] .s.d.r.c.RepositoryConfigurationDelegate : Finished Spring Data repository scanning in 63 ms. Found 4 JPA repository interfaces.
2026-05-28T02:07:57.997+08:00  INFO 20596 --- [alertme] [           main] o.s.b.w.embedded.tomcat.TomcatWebServer  : Tomcat initialized with port 8080 (http)
2026-05-28T02:07:58.019+08:00  INFO 20596 --- [alertme] [           main] o.apache.catalina.core.StandardService   : Starting service [Tomcat]
2026-05-28T02:07:58.020+08:00  INFO 20596 --- [alertme] [           main] o.apache.catalina.core.StandardEngine    : Starting Servlet engine: [Apache Tomcat/10.1.52]
2026-05-28T02:07:58.065+08:00  INFO 20596 --- [alertme] [           main] o.a.c.c.C.[Tomcat].[localhost].[/]       : Initializing Spring embedded WebApplicationContext
2026-05-28T02:07:58.067+08:00  INFO 20596 --- [alertme] [           main] w.s.c.ServletWebServerApplicationContext : Root WebApplicationContext: initialization completed in 1229 ms
2026-05-28T02:07:58.185+08:00  INFO 20596 --- [alertme] [           main] o.hibernate.jpa.internal.util.LogHelper  : HHH000204: Processing PersistenceUnitInfo [name: default]
2026-05-28T02:07:58.221+08:00  INFO 20596 --- [alertme] [           main] org.hibernate.Version                    : HHH000412: Hibernate ORM core version 6.6.42.Final
2026-05-28T02:07:58.252+08:00  INFO 20596 --- [alertme] [           main] o.h.c.internal.RegionFactoryInitiator    : HHH000026: Second-level cache disabled
2026-05-28T02:07:58.489+08:00  INFO 20596 --- [alertme] [           main] o.s.o.j.p.SpringPersistenceUnitInfo      : No LoadTimeWeaver setup: ignoring JPA class transformer
2026-05-28T02:07:58.516+08:00  INFO 20596 --- [alertme] [           main] com.zaxxer.hikari.HikariDataSource       : HikariPool-1 - Starting...
2026-05-28T02:08:00.253+08:00  INFO 20596 --- [alertme] [           main] com.zaxxer.hikari.pool.HikariPool        : HikariPool-1 - Added connection org.postgresql.jdbc.PgConnection@1716c037
2026-05-28T02:08:00.254+08:00  INFO 20596 --- [alertme] [           main] com.zaxxer.hikari.HikariDataSource       : HikariPool-1 - Start completed.
2026-05-28T02:08:00.468+08:00  WARN 20596 --- [alertme] [           main] org.hibernate.orm.deprecation            : HHH90000025: PostgreSQLDialect does not need to be specified explicitly using 'hibernate.dialect' (remove the property setting and it will be selected by default)
2026-05-28T02:08:00.952+08:00  INFO 20596 --- [alertme] [           main] org.hibernate.orm.connections.pooling    : HHH10001005: Database info:
	Database JDBC URL [Connecting through datasource 'HikariDataSource (HikariPool-1)']
	Database driver: undefined/unknown
	Database version: 17.6
	Autocommit mode: undefined/unknown
	Isolation level: undefined/unknown
	Minimum pool size: undefined/unknown
	Maximum pool size: undefined/unknown
2026-05-28T02:08:01.758+08:00  INFO 20596 --- [alertme] [           main] o.h.e.t.j.p.i.JtaPlatformInitiator       : HHH000489: No JTA platform available (set 'hibernate.transaction.jta.platform' to enable JTA platform integration)
